0 info it worked if it ends with ok
1 verbose cli [ '/usr/bin/nodejs', '/usr/bin/npm', 'install', 'esprima' ]
2 info using npm@1.3.10
3 info using node@v0.10.25
4 verbose cache add [ 'esprima', null ]
5 verbose cache add name=undefined spec="esprima" args=["esprima",null]
6 verbose parsed url { protocol: null,
6 verbose parsed url   slashes: null,
6 verbose parsed url   auth: null,
6 verbose parsed url   host: null,
6 verbose parsed url   port: null,
6 verbose parsed url   hostname: null,
6 verbose parsed url   hash: null,
6 verbose parsed url   search: null,
6 verbose parsed url   query: null,
6 verbose parsed url   pathname: 'esprima',
6 verbose parsed url   path: 'esprima',
6 verbose parsed url   href: 'esprima' }
7 silly lockFile 69931885-esprima esprima
8 verbose lock esprima /home/jlanus/.npm/69931885-esprima.lock
9 silly lockFile 69931885-esprima esprima
10 silly lockFile 69931885-esprima esprima
11 verbose addNamed [ 'esprima', '' ]
12 verbose addNamed [ null, '*' ]
13 silly lockFile 1e02aa9d-esprima esprima@
14 verbose lock esprima@ /home/jlanus/.npm/1e02aa9d-esprima.lock
15 silly addNameRange { name: 'esprima', range: '*', hasData: false }
16 verbose url raw esprima
17 verbose url resolving [ 'https://registry.npmjs.org/', './esprima' ]
18 verbose url resolved https://registry.npmjs.org/esprima
19 info trying registry request attempt 1 at 22:52:25
20 verbose etag "966PPHYGLUW2D3671HFEI9BLN"
21 http GET https://registry.npmjs.org/esprima
22 http 200 https://registry.npmjs.org/esprima
23 silly registry.get cb [ 200,
23 silly registry.get   { date: 'Tue, 19 Aug 2014 01:52:26 GMT',
23 silly registry.get     server: 'CouchDB/1.5.0 (Erlang OTP/R16B03)',
23 silly registry.get     etag: '"6DIOFYYWNFERQPT3BVV1BAKIL"',
23 silly registry.get     'content-type': 'application/json',
23 silly registry.get     'cache-control': 'max-age=60',
23 silly registry.get     'content-length': '32096',
23 silly registry.get     'accept-ranges': 'bytes',
23 silly registry.get     via: '1.1 varnish',
23 silly registry.get     age: '724',
23 silly registry.get     'x-served-by': 'cache-jfk1032-JFK',
23 silly registry.get     'x-cache': 'HIT',
23 silly registry.get     'x-cache-hits': '3',
23 silly registry.get     'x-timer': 'S1408413146.476662,VS0,VE0',
23 silly registry.get     vary: 'Accept',
23 silly registry.get     'keep-alive': 'timeout=10, max=50',
23 silly registry.get     connection: 'Keep-Alive' } ]
24 silly addNameRange number 2 { name: 'esprima', range: '*', hasData: true }
25 silly addNameRange versions [ 'esprima',
25 silly addNameRange   [ '0.7.0',
25 silly addNameRange     '0.8.0',
25 silly addNameRange     '0.8.1',
25 silly addNameRange     '0.8.2',
25 silly addNameRange     '0.9.0',
25 silly addNameRange     '0.9.1',
25 silly addNameRange     '0.9.2',
25 silly addNameRange     '0.9.3',
25 silly addNameRange     '0.9.4',
25 silly addNameRange     '0.9.5',
25 silly addNameRange     '0.9.6',
25 silly addNameRange     '0.9.7',
25 silly addNameRange     '0.9.8',
25 silly addNameRange     '0.9.9',
25 silly addNameRange     '1.0.0',
25 silly addNameRange     '1.0.1',
25 silly addNameRange     '1.0.2',
25 silly addNameRange     '1.0.3',
25 silly addNameRange     '1.0.4',
25 silly addNameRange     '1.1.0',
25 silly addNameRange     '1.1.1',
25 silly addNameRange     '1.2.0',
25 silly addNameRange     '1.2.1',
25 silly addNameRange     '1.2.2' ] ]
26 verbose addNamed [ 'esprima', '1.2.2' ]
27 verbose addNamed [ '1.2.2', '1.2.2' ]
28 silly lockFile ee83809c-esprima-1-2-2 esprima@1.2.2
29 verbose lock esprima@1.2.2 /home/jlanus/.npm/ee83809c-esprima-1-2-2.lock
30 silly lockFile 42c14aed-js-org-esprima-esprima-1-2-2-tgz https://registry.npmjs.org/esprima/-/esprima-1.2.2.tgz
31 verbose lock https://registry.npmjs.org/esprima/-/esprima-1.2.2.tgz /home/jlanus/.npm/42c14aed-js-org-esprima-esprima-1-2-2-tgz.lock
32 verbose addRemoteTarball [ 'https://registry.npmjs.org/esprima/-/esprima-1.2.2.tgz',
32 verbose addRemoteTarball   '76a0fd66fcfe154fd292667dc264019750b1657b' ]
33 info retry fetch attempt 1 at 22:52:27
34 verbose fetch to= /home/jlanus/tmp/npm-7542--uAAnzbk/1408413147013-0.4489354316610843/tmp.tgz
35 http GET https://registry.npmjs.org/esprima/-/esprima-1.2.2.tgz
36 http 200 https://registry.npmjs.org/esprima/-/esprima-1.2.2.tgz
37 verbose tar unpack /home/jlanus/tmp/npm-7542--uAAnzbk/1408413147013-0.4489354316610843/tmp.tgz
38 silly lockFile 71287818-47013-0-4489354316610843-package tar:///home/jlanus/tmp/npm-7542--uAAnzbk/1408413147013-0.4489354316610843/package
39 verbose lock tar:///home/jlanus/tmp/npm-7542--uAAnzbk/1408413147013-0.4489354316610843/package /home/jlanus/.npm/71287818-47013-0-4489354316610843-package.lock
40 silly lockFile 4c008bb4-47013-0-4489354316610843-tmp-tgz tar:///home/jlanus/tmp/npm-7542--uAAnzbk/1408413147013-0.4489354316610843/tmp.tgz
41 verbose lock tar:///home/jlanus/tmp/npm-7542--uAAnzbk/1408413147013-0.4489354316610843/tmp.tgz /home/jlanus/.npm/4c008bb4-47013-0-4489354316610843-tmp-tgz.lock
42 silly gunzTarPerm modes [ '755', '644' ]
43 silly gunzTarPerm extractEntry package.json
44 silly gunzTarPerm extractEntry README.md
45 silly gunzTarPerm extractEntry esprima.js
46 silly gunzTarPerm extractEntry bin/esparse.js
47 silly gunzTarPerm extractEntry bin/esvalidate.js
48 silly gunzTarPerm extractEntry test/compat.js
49 silly gunzTarPerm extractEntry test/reflect.js
50 silly gunzTarPerm extractEntry test/run.js
51 silly gunzTarPerm extractEntry test/runner.js
52 silly gunzTarPerm extractEntry test/test.js
53 silly lockFile 71287818-47013-0-4489354316610843-package tar:///home/jlanus/tmp/npm-7542--uAAnzbk/1408413147013-0.4489354316610843/package
54 silly lockFile 71287818-47013-0-4489354316610843-package tar:///home/jlanus/tmp/npm-7542--uAAnzbk/1408413147013-0.4489354316610843/package
55 silly lockFile 4c008bb4-47013-0-4489354316610843-tmp-tgz tar:///home/jlanus/tmp/npm-7542--uAAnzbk/1408413147013-0.4489354316610843/tmp.tgz
56 silly lockFile 4c008bb4-47013-0-4489354316610843-tmp-tgz tar:///home/jlanus/tmp/npm-7542--uAAnzbk/1408413147013-0.4489354316610843/tmp.tgz
57 verbose tar pack [ '/home/jlanus/.npm/esprima/1.2.2/package.tgz',
57 verbose tar pack   '/home/jlanus/tmp/npm-7542--uAAnzbk/1408413147013-0.4489354316610843/package' ]
58 verbose tarball /home/jlanus/.npm/esprima/1.2.2/package.tgz
59 verbose folder /home/jlanus/tmp/npm-7542--uAAnzbk/1408413147013-0.4489354316610843/package
60 silly lockFile 71287818-47013-0-4489354316610843-package tar:///home/jlanus/tmp/npm-7542--uAAnzbk/1408413147013-0.4489354316610843/package
61 verbose lock tar:///home/jlanus/tmp/npm-7542--uAAnzbk/1408413147013-0.4489354316610843/package /home/jlanus/.npm/71287818-47013-0-4489354316610843-package.lock
62 silly lockFile 70cdb122-us-npm-esprima-1-2-2-package-tgz tar:///home/jlanus/.npm/esprima/1.2.2/package.tgz
63 verbose lock tar:///home/jlanus/.npm/esprima/1.2.2/package.tgz /home/jlanus/.npm/70cdb122-us-npm-esprima-1-2-2-package-tgz.lock
64 silly lockFile 71287818-47013-0-4489354316610843-package tar:///home/jlanus/tmp/npm-7542--uAAnzbk/1408413147013-0.4489354316610843/package
65 silly lockFile 71287818-47013-0-4489354316610843-package tar:///home/jlanus/tmp/npm-7542--uAAnzbk/1408413147013-0.4489354316610843/package
66 silly lockFile 70cdb122-us-npm-esprima-1-2-2-package-tgz tar:///home/jlanus/.npm/esprima/1.2.2/package.tgz
67 silly lockFile 70cdb122-us-npm-esprima-1-2-2-package-tgz tar:///home/jlanus/.npm/esprima/1.2.2/package.tgz
68 silly lockFile b64ea869-jlanus-npm-esprima-1-2-2-package /home/jlanus/.npm/esprima/1.2.2/package
69 verbose lock /home/jlanus/.npm/esprima/1.2.2/package /home/jlanus/.npm/b64ea869-jlanus-npm-esprima-1-2-2-package.lock
70 silly lockFile b64ea869-jlanus-npm-esprima-1-2-2-package /home/jlanus/.npm/esprima/1.2.2/package
71 silly lockFile b64ea869-jlanus-npm-esprima-1-2-2-package /home/jlanus/.npm/esprima/1.2.2/package
72 verbose tar unpack /home/jlanus/.npm/esprima/1.2.2/package.tgz
73 silly lockFile fb1b7d53-jlanus-npm-esprima-1-2-2-package tar:///home/jlanus/.npm/esprima/1.2.2/package
74 verbose lock tar:///home/jlanus/.npm/esprima/1.2.2/package /home/jlanus/.npm/fb1b7d53-jlanus-npm-esprima-1-2-2-package.lock
75 silly lockFile 70cdb122-us-npm-esprima-1-2-2-package-tgz tar:///home/jlanus/.npm/esprima/1.2.2/package.tgz
76 verbose lock tar:///home/jlanus/.npm/esprima/1.2.2/package.tgz /home/jlanus/.npm/70cdb122-us-npm-esprima-1-2-2-package-tgz.lock
77 silly gunzTarPerm modes [ '755', '644' ]
78 silly gunzTarPerm extractEntry package.json
79 silly gunzTarPerm extractEntry README.md
80 silly gunzTarPerm extractEntry esprima.js
81 silly gunzTarPerm extractEntry bin/esparse.js
82 silly gunzTarPerm extractEntry bin/esvalidate.js
83 silly gunzTarPerm extractEntry test/compat.js
84 silly gunzTarPerm extractEntry test/reflect.js
85 silly gunzTarPerm extractEntry test/run.js
86 silly gunzTarPerm extractEntry test/runner.js
87 silly gunzTarPerm extractEntry test/test.js
88 silly lockFile fb1b7d53-jlanus-npm-esprima-1-2-2-package tar:///home/jlanus/.npm/esprima/1.2.2/package
89 silly lockFile fb1b7d53-jlanus-npm-esprima-1-2-2-package tar:///home/jlanus/.npm/esprima/1.2.2/package
90 silly lockFile 70cdb122-us-npm-esprima-1-2-2-package-tgz tar:///home/jlanus/.npm/esprima/1.2.2/package.tgz
91 silly lockFile 70cdb122-us-npm-esprima-1-2-2-package-tgz tar:///home/jlanus/.npm/esprima/1.2.2/package.tgz
92 verbose chmod /home/jlanus/.npm/esprima/1.2.2/package.tgz 644
93 verbose chown /home/jlanus/.npm/esprima/1.2.2/package.tgz [ 1000, 1000 ]
94 silly lockFile 42c14aed-js-org-esprima-esprima-1-2-2-tgz https://registry.npmjs.org/esprima/-/esprima-1.2.2.tgz
95 silly lockFile 42c14aed-js-org-esprima-esprima-1-2-2-tgz https://registry.npmjs.org/esprima/-/esprima-1.2.2.tgz
96 silly lockFile ee83809c-esprima-1-2-2 esprima@1.2.2
97 silly lockFile ee83809c-esprima-1-2-2 esprima@1.2.2
98 silly lockFile 1e02aa9d-esprima esprima@
99 silly lockFile 1e02aa9d-esprima esprima@
100 silly resolved [ { name: 'esprima',
100 silly resolved     description: 'ECMAScript parsing infrastructure for multipurpose analysis',
100 silly resolved     homepage: 'http://esprima.org',
100 silly resolved     main: 'esprima.js',
100 silly resolved     bin:
100 silly resolved      { esparse: './bin/esparse.js',
100 silly resolved        esvalidate: './bin/esvalidate.js' },
100 silly resolved     version: '1.2.2',
100 silly resolved     files:
100 silly resolved      [ 'bin',
100 silly resolved        'test/run.js',
100 silly resolved        'test/runner.js',
100 silly resolved        'test/test.js',
100 silly resolved        'test/compat.js',
100 silly resolved        'test/reflect.js',
100 silly resolved        'esprima.js' ],
100 silly resolved     engines: { node: '>=0.4.0' },
100 silly resolved     author: { name: 'Ariya Hidayat', email: 'ariya.hidayat@gmail.com' },
100 silly resolved     maintainers: [ [Object] ],
100 silly resolved     repository: { type: 'git', url: 'http://github.com/ariya/esprima.git' },
100 silly resolved     bugs: { url: 'http://issues.esprima.org' },
100 silly resolved     licenses: [ [Object] ],
100 silly resolved     devDependencies:
100 silly resolved      { jslint: '~0.1.9',
100 silly resolved        eslint: '~0.4.3',
100 silly resolved        jscs: '~1.2.4',
100 silly resolved        istanbul: '~0.2.6',
100 silly resolved        'complexity-report': '~0.6.1',
100 silly resolved        regenerate: '~0.5.4',
100 silly resolved        'unicode-6.3.0': '~0.1.0',
100 silly resolved        'json-diff': '~0.3.1',
100 silly resolved        optimist: '~0.6.0' },
100 silly resolved     keywords: [ 'ast', 'ecmascript', 'javascript', 'parser', 'syntax' ],
100 silly resolved     scripts:
100 silly resolved      { 'generate-regex': 'node tools/generate-identifier-regex.js',
100 silly resolved        test: 'npm run-script lint && node test/run.js && npm run-script coverage && npm run-script complexity',
100 silly resolved        lint: 'npm run-script check-version && npm run-script eslint && npm run-script jscs && npm run-script jslint',
100 silly resolved        'check-version': 'node tools/check-version.js',
100 silly resolved        eslint: 'node node_modules/eslint/bin/eslint.js esprima.js',
100 silly resolved        jscs: 'node node_modules/.bin/jscs esprima.js',
100 silly resolved        jslint: 'node node_modules/jslint/bin/jslint.js esprima.js',
100 silly resolved        coverage: 'npm run-script analyze-coverage && npm run-script check-coverage',
100 silly resolved        'analyze-coverage': 'node node_modules/istanbul/lib/cli.js cover test/runner.js',
100 silly resolved        'check-coverage': 'node node_modules/istanbul/lib/cli.js check-coverage --statement 100 --branch 100 --function 100',
100 silly resolved        complexity: 'npm run-script analyze-complexity && npm run-script check-complexity',
100 silly resolved        'analyze-complexity': 'node tools/list-complexity.js',
100 silly resolved        'check-complexity': 'node node_modules/complexity-report/src/cli.js --maxcc 14 --silent -l -w esprima.js',
100 silly resolved        benchmark: 'node test/benchmarks.js',
100 silly resolved        'benchmark-quick': 'node test/benchmarks.js quick' },
100 silly resolved     readme: '**Esprima** ([esprima.org](http://esprima.org), BSD license) is a high performance,\nstandard-compliant [ECMAScript](http://www.ecma-international.org/publications/standards/Ecma-262.htm)\nparser written in ECMAScript (also popularly known as\n[JavaScript](http://en.wikipedia.org/wiki/JavaScript>JavaScript)).\nEsprima is created and maintained by [Ariya Hidayat](http://twitter.com/ariyahidayat),\nwith the help of [many contributors](https://github.com/ariya/esprima/contributors).\n\n### Features\n\n- Full support for ECMAScript 5.1 ([ECMA-262](http://www.ecma-international.org/publications/standards/Ecma-262.htm))\n- Sensible [syntax tree format](http://esprima.org/doc/index.html#ast) compatible with Mozilla\n[Parser AST](https://developer.mozilla.org/en/SpiderMonkey/Parser_API)\n- Optional tracking of syntax node location (index-based and line-column)\n- Heavily tested (> 650 [unit tests](http://esprima.org/test/) with [full code coverage](http://esprima.org/test/coverage.html))\n- [Partial support](http://esprima.org/doc/es6.html) for ECMAScript 6\n\nEsprima serves as a **building block** for some JavaScript\nlanguage tools, from [code instrumentation](http://esprima.org/demo/functiontrace.html)\nto [editor autocompletion](http://esprima.org/demo/autocomplete.html).\n\nEsprima runs on many popular web browsers, as well as other ECMAScript platforms such as\n[Rhino](http://www.mozilla.org/rhino), [Nashorn](http://openjdk.java.net/projects/nashorn/), and [Node.js](https://npmjs.org/package/esprima).\n\nFor more information, check the web site [esprima.org](http://esprima.org).\n',
100 silly resolved     readmeFilename: 'README.md',
100 silly resolved     _id: 'esprima@1.2.2',
100 silly resolved     dist: { shasum: '9e78b8be11be37d11fc1992586d24bea3e66a7ea' },
100 silly resolved     _from: 'esprima@',
100 silly resolved     _resolved: 'https://registry.npmjs.org/esprima/-/esprima-1.2.2.tgz' } ]
101 info install esprima@1.2.2 into /home/jlanus
102 info installOne esprima@1.2.2
103 info /home/jlanus/node_modules/esprima unbuild
104 info preuninstall esprima@1.2.2
105 info uninstall esprima@1.2.2
106 verbose true,/home/jlanus/node_modules,/home/jlanus/node_modules unbuild esprima@1.2.2
107 verbose /home/jlanus/node_modules/.bin,[object Object] binRoot
108 info /home/jlanus/node_modules/esprima unbuild
109 info preuninstall esprima@1.2.2
110 info uninstall esprima@1.2.2
111 verbose true,/home/jlanus/node_modules,/home/jlanus/node_modules unbuild esprima@1.2.2
112 verbose /home/jlanus/node_modules/.bin,[object Object] binRoot
113 error error rolling back Error: EACCES, unlink '/home/jlanus/node_modules/.bin/esparse'
113 error error rolling back  esprima@1.2.2 { [Error: EACCES, unlink '/home/jlanus/node_modules/.bin/esparse']
113 error error rolling back   errno: 3,
113 error error rolling back   code: 'EACCES',
113 error error rolling back   path: '/home/jlanus/node_modules/.bin/esparse' }
114 error Error: EACCES, unlink '/home/jlanus/node_modules/.bin/esparse'
114 error  { [Error: EACCES, unlink '/home/jlanus/node_modules/.bin/esparse']
114 error   errno: 3,
114 error   code: 'EACCES',
114 error   path: '/home/jlanus/node_modules/.bin/esparse' }
115 error Please try running this command again as root/Administrator.
116 error System Linux 3.13.0-34-generic
117 error command "/usr/bin/nodejs" "/usr/bin/npm" "install" "esprima"
118 error cwd /home/jlanus/Dropbox/2014/jsxref
119 error node -v v0.10.25
120 error npm -v 1.3.10
121 error path /home/jlanus/node_modules/.bin/esparse
122 error code EACCES
123 error errno 3
124 error stack Error: EACCES, unlink '/home/jlanus/node_modules/.bin/esparse'
125 verbose exit [ 3, true ]
